<?xml version="1.0" encoding="UTF-8"?>
<testng-results ignored="0" total="1" passed="1" failed="0" skipped="0">
  <reporter-output>
  </reporter-output>
  <suite started-at="2024-06-04T11:00:30 IST" name="Suite" finished-at="2024-06-04T11:00:41 IST" duration-ms="11155">
    <groups>
    </groups>
    <test started-at="2024-06-04T11:00:30 IST" name="Test" finished-at="2024-06-04T11:00:41 IST" duration-ms="11155">
      <class name="magentoBaseClass_TestCase.TestCase">
        <test-method is-config="true" signature="openApp()[pri:0, instance:magentoBaseClass_TestCase.TestCase@16eb3ea3]" started-at="2024-06-04T11:00:30 IST" name="openApp" finished-at="2024-06-04T11:00:38 IST" duration-ms="7894" status="PASS">
          <reporter-output>
          </reporter-output>
        </test-method> <!-- openApp -->
        <test-method signature="LoginTest()[pri:0, instance:magentoBaseClass_TestCase.TestCase@16eb3ea3]" started-at="2024-06-04T11:00:38 IST" name="LoginTest" finished-at="2024-06-04T11:00:41 IST" duration-ms="2558" status="PASS">
          <reporter-output>
          </reporter-output>
        </test-method> <!-- LoginTest -->
        <test-method is-config="true" signature="closeApp()[pri:0, instance:magentoBaseClass_TestCase.TestCase@16eb3ea3]" started-at="2024-06-04T11:00:41 IST" name="closeApp" finished-at="2024-06-04T11:00:41 IST" duration-ms="294" status="PASS">
          <reporter-output>
          </reporter-output>
        </test-method> <!-- closeApp -->
      </class> <!-- magentoBaseClass_TestCase.TestCase -->
    </test> <!-- Test -->
  </suite> <!-- Suite -->
</testng-results>
